# JRE version: OpenJDK Runtime Environment (21.0.3) (build 21.0.3+-12282718-b509.11)
# Java VM: OpenJDK 64-Bit Server VM (21.0.3+-12282718-b509.11, mixed mode, tiered, compressed oops, compressed class ptrs, g1 gc, windows-amd64)
GC Precious Log:
 CardTable entry size: 512
 Card Set container configuration: InlinePtr #cards 5 size 8 Array Of Cards #cards 12 size 40 Howl #buckets 4 coarsen threshold 1843 Howl Bitmap #cards 512 size 80 coarsen threshold 460 Card regions per heap region 1 cards per card region 2048
 CPUs: 12 total, 12 available
 Memory: 16204M
 Large Page Support: Disabled
 NUMA Support: Disabled
 Compressed Oops: Enabled (32-bit)
 Heap Region Size: 1M
 Heap Min Capacity: 8M
 Heap Initial Capacity: 254M
 Heap Max Capacity: 2G
 Pre-touch: Disabled
 Parallel Workers: 10
 Concurrent Workers: 3
 Concurrent Refinement Workers: 10
 Periodic GC: Disabled
Heap:
 garbage-first heap   total 226304K, used 139274K [0x0000000080000000, 0x0000000100000000)
  region size 1024K, 34 young (34816K), 8 survivors (8192K)
 Metaspace       used 114669K, committed 116800K, reserved 1179648K
  class space    used 15305K, committed 16384K, reserved 1048576K
GC Heap History (20 events):
Event: 20.556 GC heap before
{Heap before GC invocations=36 (full 0):
 garbage-first heap   total 158720K, used 144148K [0x0000000080000000, 0x0000000100000000)
  region size 1024K, 55 young (56320K), 5 survivors (5120K)
 Metaspace       used 105856K, committed 107968K, reserved 1179648K
  class space    used 14420K, committed 15488K, reserved 1048576K
}
Event: 20.565 GC heap after
{Heap after GC invocations=37 (full 0):
 garbage-first heap   total 158720K, used 97244K [0x0000000080000000, 0x0000000100000000)
  region size 1024K, 5 young (5120K), 5 survivors (5120K)
 Metaspace       used 105856K, committed 107968K, reserved 1179648K
  class space    used 14420K, committed 15488K, reserved 1048576K
}
Event: 20.751 GC heap before
{Heap before GC invocations=37 (full 0):
 garbage-first heap   total 158720K, used 142300K [0x0000000080000000, 0x0000000100000000)
  region size 1024K, 50 young (51200K), 5 survivors (5120K)
 Metaspace       used 105878K, committed 107968K, reserved 1179648K
  class space    used 14422K, committed 15488K, reserved 1048576K
}
Event: 20.756 GC heap after
{Heap after GC invocations=38 (full 0):
 garbage-first heap   total 158720K, used 98569K [0x0000000080000000, 0x0000000100000000)
  region size 1024K, 4 young (4096K), 4 survivors (4096K)
 Metaspace       used 105878K, committed 107968K, reserved 1179648K
  class space    used 14422K, committed 15488K, reserved 1048576K
}
Event: 20.990 GC heap before
{Heap before GC invocations=39 (full 0):
 garbage-first heap   total 188416K, used 142601K [0x0000000080000000, 0x0000000100000000)
  region size 1024K, 48 young (49152K), 4 survivors (4096K)
 Metaspace       used 105884K, committed 107968K, reserved 1179648K
  class space    used 14422K, committed 15488K, reserved 1048576K
}
Event: 20.994 GC heap after
{Heap after GC invocations=40 (full 0):
 garbage-first heap   total 188416K, used 99788K [0x0000000080000000, 0x0000000100000000)
  region size 1024K, 5 young (5120K), 5 survivors (5120K)
 Metaspace       used 105884K, committed 107968K, reserved 1179648K
  class space    used 14422K, committed 15488K, reserved 1048576K
}
Event: 21.663 GC heap before
{Heap before GC invocations=40 (full 0):
 garbage-first heap   total 188416K, used 171468K [0x0000000080000000, 0x0000000100000000)
  region size 1024K, 75 young (76800K), 5 survivors (5120K)
 Metaspace       used 106462K, committed 108608K, reserved 1179648K
  class space    used 14533K, committed 15616K, reserved 1048576K
}
Event: 21.671 GC heap after
{Heap after GC invocations=41 (full 0):
 garbage-first heap   total 188416K, used 102256K [0x0000000080000000, 0x0000000100000000)
  region size 1024K, 9 young (9216K), 9 survivors (9216K)
 Metaspace       used 106462K, committed 108608K, reserved 1179648K
  class space    used 14533K, committed 15616K, reserved 1048576K
}
Event: 21.860 GC heap before
{Heap before GC invocations=41 (full 0):
 garbage-first heap   total 188416K, used 148336K [0x0000000080000000, 0x0000000100000000)
  region size 1024K, 56 young (57344K), 9 survivors (9216K)
 Metaspace       used 106514K, committed 108672K, reserved 1179648K
  class space    used 14536K, committed 15616K, reserved 1048576K
}
Event: 21.867 GC heap after
{Heap after GC invocations=42 (full 0):
 garbage-first heap   total 188416K, used 103436K [0x0000000080000000, 0x0000000100000000)
  region size 1024K, 4 young (4096K), 4 survivors (4096K)
 Metaspace       used 106514K, committed 108672K, reserved 1179648K
  class space    used 14536K, committed 15616K, reserved 1048576K
}
Event: 22.236 GC heap before
{Heap before GC invocations=43 (full 0):
 garbage-first heap   total 188416K, used 172044K [0x0000000080000000, 0x0000000100000000)
  region size 1024K, 71 young (72704K), 4 survivors (4096K)
 Metaspace       used 106636K, committed 108736K, reserved 1179648K
  class space    used 14549K, committed 15616K, reserved 1048576K
}
Event: 22.242 GC heap after
{Heap after GC invocations=44 (full 0):
 garbage-first heap   total 188416K, used 106470K [0x0000000080000000, 0x0000000100000000)
  region size 1024K, 7 young (7168K), 7 survivors (7168K)
 Metaspace       used 106636K, committed 108736K, reserved 1179648K
  class space    used 14549K, committed 15616K, reserved 1048576K
}
Event: 22.571 GC heap before
{Heap before GC invocations=44 (full 0):
 garbage-first heap   total 188416K, used 169958K [0x0000000080000000, 0x0000000100000000)
  region size 1024K, 69 young (70656K), 7 survivors (7168K)
 Metaspace       used 106803K, committed 108928K, reserved 1179648K
  class space    used 14573K, committed 15680K, reserved 1048576K
}
Event: 22.579 GC heap after
{Heap after GC invocations=45 (full 0):
 garbage-first heap   total 226304K, used 107054K [0x0000000080000000, 0x0000000100000000)
  region size 1024K, 5 young (5120K), 5 survivors (5120K)
 Metaspace       used 106803K, committed 108928K, reserved 1179648K
  class space    used 14573K, committed 15680K, reserved 1048576K
}
Event: 22.985 GC heap before
{Heap before GC invocations=45 (full 0):
 garbage-first heap   total 226304K, used 201262K [0x0000000080000000, 0x0000000100000000)
  region size 1024K, 98 young (100352K), 5 survivors (5120K)
 Metaspace       used 106885K, committed 108992K, reserved 1179648K
  class space    used 14578K, committed 15680K, reserved 1048576K
}
Event: 22.991 GC heap after
{Heap after GC invocations=46 (full 0):
 garbage-first heap   total 226304K, used 109397K [0x0000000080000000, 0x0000000100000000)
  region size 1024K, 7 young (7168K), 7 survivors (7168K)
 Metaspace       used 106885K, committed 108992K, reserved 1179648K
  class space    used 14578K, committed 15680K, reserved 1048576K
}
Event: 23.370 GC heap before
{Heap before GC invocations=46 (full 0):
 garbage-first heap   total 226304K, used 204629K [0x0000000080000000, 0x0000000100000000)
  region size 1024K, 101 young (103424K), 7 survivors (7168K)
 Metaspace       used 106953K, committed 109120K, reserved 1179648K
  class space    used 14580K, committed 15680K, reserved 1048576K
}
Event: 23.378 GC heap after
{Heap after GC invocations=47 (full 0):
 garbage-first heap   total 226304K, used 112257K [0x0000000080000000, 0x0000000100000000)
  region size 1024K, 10 young (10240K), 10 survivors (10240K)
 Metaspace       used 106953K, committed 109120K, reserved 1179648K
  class space    used 14580K, committed 15680K, reserved 1048576K
}
Event: 60.837 GC heap before
{Heap before GC invocations=47 (full 0):
 garbage-first heap   total 226304K, used 201345K [0x0000000080000000, 0x0000000100000000)
  region size 1024K, 98 young (100352K), 10 survivors (10240K)
 Metaspace       used 114494K, committed 116672K, reserved 1179648K
  class space    used 15303K, committed 16384K, reserved 1048576K
}
Event: 60.847 GC heap after
{Heap after GC invocations=48 (full 0):
 garbage-first heap   total 226304K, used 114698K [0x0000000080000000, 0x0000000100000000)
  region size 1024K, 8 young (8192K), 8 survivors (8192K)
 Metaspace       used 114494K, committed 116672K, reserved 1179648K
  class space    used 15303K, committed 16384K, reserved 1048576K
}

